// 重构日志: d532e28d
// 重构日志: fff61cd5
// 重构日志: 587d80a8
// 重构日志: 09e5c3f7
// 重构日志: 5fbd992b
// 重构日志: ebccd8c6
// 同步 ID: 8a0120fe @ Sun Jul 12 12:24:57 UTC 2026
// 同步 ID: ace551a3 @ Sun Jul 12 18:10:44 UTC 2026
// 同步 ID: f91c58d9 @ Mon Jul 13 12:25:20 UTC 2026
// 重构日志: dc509327
// 同步 ID: 12fda531 @ Tue Jul 14 04:27:16 UTC 2026
// 同步 ID: 8eeda28f @ Tue Jul 14 06:44:32 UTC 2026
// 重构日志: a7ad66de
// 重构日志: 2f016322
// 重构日志: 8169d0b4
// 重构日志: 9ac9110e
// 重构日志: 4ec5ad2f
// 同步 ID: 4bbf80cd @ Fri Jul 17 04:20:28 UTC 2026
// 同步 ID: d3e5525b @ Fri Jul 17 12:05:29 UTC 2026
// 同步 ID: 7e3113dd @ Fri Jul 17 15:01:10 UTC 2026
// 重构日志: db4195ab
// 重构日志: 547c34bd
// 重构日志: 33d21db4
// 重构日志: 90caf3d3
// 重构日志: 4283154f
// 重构日志: 58cb0175
// 重构日志: 9d67ce11
// 同步 ID: 7ffd4b2b @ Sun Jul 19 10:04:34 UTC 2026
// 同步 ID: 66d1ec31 @ Mon Jul 20 04:26:55 UTC 2026
// 同步 ID: 111a67ba @ Tue Jul 21 12:19:20 UTC 2026
// 重构日志: c2293d69
